     1                                 %line 1+1 13.9.2.3.asm
     2                                 
     3                                 [section .data]
     4                                 
     5                                 LF equ 10
     6                                 NULL equ 0
     7                                 TRUE equ 1
     8                                 FALSE equ 0
     9                                 
    10                                 EXIT_SUCCESS equ 0
    11                                 
    12                                 STDIN equ 0
    13                                 STDOUT equ 1
    14                                 STDERR equ 2
    15                                 
    16                                 SYS_read equ 0
    17                                 SYS_write equ 1
    18                                 SYS_open equ 2
    19                                 SYS_close equ 3
    20                                 SYS_fork equ 57
    21                                 SYS_exit equ 60
    22                                 SYS_creat equ 85
    23                                 SYS_time equ 201
    24                                 
    25                                 O_CREAT equ 0x40
    26                                 O_TRUNC equ 0x200
    27                                 O_APPEND equ 0x400
    28                                 
    29                                 O_RDONLY equ 0
    30                                 O_WRONLY equ 1
    31                                 O_RDWD equ 2
    32                                 
    33                                 S_IRUSR equ 400
    34                                 S_IWUSR equ 200
    35                                 S_IXUSR equ 100
    36                                 
    37                                 BUFSIZE equ 256
    38                                 
    39 00000000 456E74657220546578-    pmpt db "Enter Text: ", NULL
    40 00000000 743A2000           
    41 0000000D 0A00                   newLine db LF, NULL
    42 0000000F 2F746D702F70617373-    fileName db "/tmp/pass.txt", NULL
    43 0000000F 2E74787400         
    44                                 
    45 0000001D 577269746520436F6D-    writeDone db "Write Completed.", LF, NULL
    46 0000001D 706C657465642E0A00 
    47 0000002F 0000000000000000       fileDesc dq 0
    48 00000037 4572726F72206F7065-    errMsgOpen db "Error opening file.", LF, NULL
    49 00000037 6E696E672066696C65-
    50 00000037 2E0A00             
    51 0000004C 4572726F7220777269-    errMsgWrite db "Error writing to file.", LF, NULL
    52 0000004C 74696E6720746F2066-
    53 0000004C 696C652E0A00       
    54                                 
    55                                 
    56                                 [section .bss]
    57 00000000 <gap>                  buf resb BUFSIZE
    58                                 
    59                                 
    60                                 
    61                                 [section .text]
    62                                 [global _start]
    63                                 _start:
    64                                 
    65 00000000 488D3C25[00000000]      lea rdi, [pmpt]
    66 00000008 48C7C600010000          mov rsi, BUFSIZE
    67 0000000F E837000000              call printString
    68                                 
    69 00000014 488D3C25[00000000]      lea rdi, [buf]
    70 0000001C 48C7C600010000          mov rsi, BUFSIZE
    71 00000023 E856000000              call userInput
    72                                 
    73 00000028 488D3C25[00000000]      lea rdi, [buf]
    74 00000030 4889C6                  mov rsi, rax
    75 00000033 488D1425[00000000]      lea rdx, [fileName]
    76 0000003B E8A0000000              call writeFile
    77                                 
    78                                 last:
    79 00000040 48C7C03C000000          mov rax, SYS_exit
    80 00000047 48C7C700000000          mov rdi, EXIT_SUCCESS
    81 0000004E 0F05                    syscall
    82                                 
    83                                 
    84                                 [global printString]
    85                                 printString:
    86 00000050 53                      push rbx
    87                                 
    88 00000051 4889FB                  mov rbx, rdi
    89 00000054 48C7C200000000          mov rdx, 0
    90                                 strCountLoop:
    91 0000005B 803B00                  cmp byte [rbx], NULL
    92 0000005E 7406                    je strCountDone
    93 00000060 48FFC2                  inc rdx
    94 00000063 48FFC3                  inc rbx
    95 00000066 EBF1                    jmp strCountLoop
    96                                 
    97                                 strCountDone:
    98 00000068 4883FA00                cmp rdx, 0
    99 0000006C 7411                    je prtDone
   100                                 
   101 0000006E 48C7C001000000          mov rax, SYS_write
   102 00000075 4889FE                  mov rsi, rdi
   103 00000078 48C7C701000000          mov rdi, STDOUT
   104 0000007F 0F05                    syscall
   105                                 
   106                                 prtDone:
   107 00000081 5B                      pop rbx
   108 00000082 C3                      ret
   109                                 
   110                                 
   111                                 [global userInput]
   112                                 userInput:
   113 00000083 55                      push rbp
   114 00000084 4889E5                  mov rbp, rsp
   115 00000087 4883EC08                sub rsp, 8
   116                                 
   117 0000008B 4889FB                  mov rbx, rdi
   118 0000008E 4989F4                  mov r12, rsi
   119 00000091 4983EC02                sub r12, 2
   120                                 LOOP1:
   121                                 
   122 00000095 48C7C000000000          mov rax, SYS_read
   123 0000009C 48C7C700000000          mov rdi, STDIN
   124 000000A3 488D75F8                lea rsi, [rbp - 8]
   125 000000A7 48C7C201000000          mov rdx, 1
   126 000000AE 0F05                    syscall
   127 000000B0 8A45F8                  mov al, byte [rbp - 8]
   128                                 
   129                                 
   130 000000B3 8A45F8                  mov al, byte [rbp - 8]
   131 000000B6 3C0A                    cmp al, LF
   132 000000B8 740E                    je FIN
   133                                 
   134                                 maxBuf:
   135                                 
   136 000000BA 4883F900                cmp rcx, 0
   137 000000BE 74D3                    je LOOP1
   138                                 
   139                                 progress:
   140                                 
   141 000000C0 8803                    mov byte [rbx], al
   142 000000C2 48FFC3                  inc rbx
   143 000000C5 49FFCC                  dec r12
   144 000000C8 EBC9                    jmp LOOP1
   145                                 
   146                                 FIN:
   147                                 
   148 000000CA 8803                    mov byte [rbx], al
   149 000000CC 48FFC3                  inc rbx
   150 000000CF C60300                  mov byte [rbx], NULL
   151 000000D2 4981EC00010000          sub r12, 256
   152 000000D9 49F7DC                  neg r12
   153 000000DC 4C89E0                  mov rax, r12
   154 000000DF 4883C408                add rsp, 8
   155 000000E3 5D                      pop rbp
   156 000000E4 C3                      ret
   157                                 
   158                                 [global writeFile]
   159                                 writeFile:
   160                                 
   161                                 
   162                                 
   163                                 
   164 000000E5 55                      push rbp
   165 000000E6 4889E5                  mov rbp, rsp
   166 000000E9 4883EC08                sub rsp, 8
   167                                 
   168 000000ED 4989F5                  mov r13, rsi
   169 000000F0 4C8D27                  lea r12, [rdi]
   170                                 
   171 000000F3 48C7C055000000          mov rax, SYS_creat
   172 000000FA 4889D7                  mov rdi, rdx
   173 000000FD 48C7C680010000          mov rsi, S_IRUSR | S_IWUSR
   174 00000104 0F05                    syscall
   175 00000106 488945F8                mov [rbp - 8], rax
   176                                 
   177 0000010A 48C7C001000000          mov rax, SYS_write
   178 00000111 488B7DF8                mov rdi, [rbp - 8]
   179 00000115 488D3425[00000000]      lea rsi, [buf]
   180 0000011D 4C89EA                  mov rdx, r13
   181 00000120 0F05                    syscall
   182                                 
   183                                 writeFIN:
   184 00000122 48C7C003000000          mov rax, SYS_close
   185 00000129 4C89E7                  mov rdi, r12
   186 0000012C 0F05                    syscall
   187                                 
   188 0000012E 4889EC                  mov rsp, rbp
   189 00000131 5D                      pop rbp
   190 00000132 C3                      ret
