     1                                 %line 1+1 8.4.2.4.asm
     2                                 [section .data]
     3                                  EXIT_SUCCESS equ 0
     4                                  SYS_exit equ 60
     5                                 
     6 00000000 0A000000F5010000F8-     lst dd 10, 501, -8, 800, -600, 1234
     7 00000000 FFFFFF20030000A8FD-
     8 00000000 FFFFD2040000       
     9 00000018 06000000                n dd 6
    10 0000001C 00000000                sum dd 0
    11                                 
    12 00000020 02000000                ddTwo dd 2
    13 00000024 03000000                ddThree dd 3
    14                                 
    15                                 [section .bss]
    16 00000000 01000000                min dd 1
    17 00000004 01000000                middle dd 1
    18 00000008 01000000                max dd 1
    19 0000000C 01000000                avg dd 1
    20                                 
    21                                 
    22                                 [section .text]
    23                                 [global _start]
    24                                 _start:
    25                                 
    26                                 
    27 00000000 8B0C25[00000000]        mov ecx, dword [n]
    28 00000007 4831F6                  xor rsi, rsi
    29 0000000A 8B0425[00000000]        mov eax, [lst]
    30 00000011 890425[00000000]        mov dword [min], eax
    31 00000018 890425[00000000]        mov dword [max], eax
    32                                 
    33                                 MIDDLE:
    34                                 
    35 0000001F 31D2                    xor edx, edx
    36 00000021 8B0425[00000000]        mov eax, dword [n]
    37 00000028 FFC8                    dec eax
    38 0000002A F73425[00000000]        div dword [ddTwo]
    39 00000031 678B1C85[00000000]      mov ebx, dword[lst + eax*4]
    40 00000039 01D0                    add eax, edx
    41 0000003B 67031C85[00000000]      add ebx, dword [lst + (eax)*4]
    42 00000043 89D8                    mov eax, ebx
    43 00000045 99                      cdq
    44 00000046 F73C25[00000000]        idiv dword [ddTwo]
    45 0000004D 890425[00000000]        mov dword [middle], eax
    46                                 
    47                                 LOOP1:
    48 00000054 8B04B5[00000000]        mov eax, [lst+rsi*4]
    49 0000005B 010425[00000000]        add dword [sum], eax
    50 00000062 3B0425[00000000]        cmp eax, dword [min]
    51 00000069 7D07                    jge branchMIN
    52 0000006B 890425[00000000]        mov dword [min], eax
    53 00000072 EB0E                    jmp branchMAX
    54                                 
    55                                 branchMIN:
    56 00000074 3B0425[00000000]        cmp eax, dword [max]
    57 0000007B 7E05                    jle branchMAX
    58 0000007D 890425[00000000]        mov dword [max], eax
    59                                 
    60                                 branchMAX:
    61 00000084 48FFC6                  inc rsi
    62 00000087 E2C9                    loop LOOP1
    63                                 
    64                                 AVERAGE:
    65 00000089 8B0425[00000000]        mov eax, dword [sum]
    66 00000090 99                      cdq
    67 00000091 F73C25[00000000]        idiv dword [n]
    68 00000098 890425[00000000]        mov dword [avg], eax
    69                                 
    70                                 last:
    71 0000009F 48C7C03C000000          mov rax, SYS_exit
    72 000000A6 48C7C700000000          mov rdi, EXIT_SUCCESS
    73 000000AD 0F05                    syscall
