     1                                 %line 1+1 my.13.8.asm
     2                                 
     3                                 [section .data]
     4                                 LF equ 10
     5                                 NULL equ 0
     6                                 TRUE equ 1
     7                                 FALSE equ 0
     8                                 
     9                                 EXIT_SUCCESS equ 0
    10                                 
    11                                 STDIN equ 0
    12                                 STDOUT equ 1
    13                                 STDERR equ 2
    14                                 
    15                                 SYS_read equ 0
    16                                 SYS_write equ 1
    17                                 SYS_open equ 2
    18                                 SYS_close equ 3
    19                                 SYS_exit equ 60
    20                                 SYS_creat equ 85
    21                                 
    22                                 O_CREAT equ 0x40
    23                                 O_TRUNC equ 0x200
    24                                 O_APPEND equ 0x400
    25                                 
    26                                 O_RDONLY equ 000000
    27                                 O_WRONLY equ 000001
    28                                 O_RDWR equ 000002
    29                                 
    30                                 S_IRUSR equ 00400
    31                                 S_IWUSR equ 00200
    32                                 S_IXUSR equ 00100
    33                                 
    34 00000000 0A00                   newLine db LF, NULL
    35 00000002 46696C652052656164-    header db "File Read and Write", LF, LF, NULL
    36 00000002 20616E642057726974-
    37 00000002 650A0A00           
    38                                 
    39 00000018 2F746D702F74657374-    rfileName db "/tmp/test.txt", NULL
    40 00000018 2E74787400         
    41 00000026 2F746D702F6F75745F-    wfileName db "/tmp/out_test.txt", NULL
    42 00000026 746573742E74787400 
    43                                 
    44 00000038 4572726F72206F7065-    errMsgOpen db "Error opening file.", LF, NULL
    45 00000038 6E696E672066696C65-
    46 00000038 2E0A00             
    47 0000004D 4572726F7220637265-    errMsgCreate db "Error creating file.", LF, NULL
    48 0000004D 6174696E672066696C-
    49 0000004D 652E0A00           
    50 00000063 4572726F7220726561-    errMsgRead db "Error reading from file descriptor.", LF, NULL
    51 00000063 64696E672066726F6D-
    52 00000063 2066696C6520646573-
    53 00000063 63726970746F722E0A-
    54 00000063 00                 
    55 00000088 4572726F7220777269-    errMsgWrite db "Error writing to file descriptor.", LF, NULL
    56 00000088 74696E6720746F2066-
    57 00000088 696C65206465736372-
    58 00000088 6970746F722E0A00   
    59 000000AB 4572726F7220636C6F-    errMsgClose db "Error closing file descriptor.", LF, NULL
    60 000000AB 73696E672066696C65-
    61 000000AB 206465736372697074-
    62 000000AB 6F722E0A00         
    63                                 
    64                                 
    65                                 [section .bss]
    66 00000000 <gap>                  tempChar resb 1
    67                                 
    68                                 
    69                                 [section .text]
    70                                 [global _start]
    71                                 _start:
    72                                 
    73 00000000 488D3C25[00000000]      lea rdi, [header]
    74 00000008 E829010000              call printString
    75                                 
    76                                 
    77 0000000D 48C7C002000000          mov rax, SYS_open
    78 00000014 488D3C25[00000000]      lea rdi, [rfileName]
    79 0000001C 48C7C600000000          mov rsi, O_RDONLY
    80 00000023 0F05                    syscall
    81 00000025 4883F800                cmp rax, 0
    82 00000029 0F8CA2000000            jl openERR
    83 0000002F 50                      push rax
    84                                 
    85                                 
    86 00000030 48C7C055000000          mov rax, SYS_creat
    87 00000037 488D3C25[00000000]      lea rdi, [wfileName]
    88 0000003F 48C7C680010000          mov rsi, S_IRUSR | S_IWUSR
    89 00000046 0F05                    syscall
    90 00000048 4883F800                cmp rax, 0
    91 0000004C 0F8C98000000            jl createERR
    92 00000052 50                      push rax
    93                                 
    94                                 RWloop:
    95                                 
    96 00000053 48C7C000000000          mov rax, SYS_read
    97 0000005A 488B7C2408              mov rdi, [rsp + 8]
    98 0000005F 488D3425[00000000]      lea rsi, [tempChar]
    99 00000067 48C7C201000000          mov rdx, 1
   100 0000006E 0F05                    syscall
   101                                 
   102                                 
   103 00000070 4883F800                cmp rax, 0
   104 00000074 743B                    je REOF
   105                                 
   106                                 
   107 00000076 48C7C001000000          mov rax, SYS_write
   108 0000007D 48C7C701000000          mov rdi, STDOUT
   109 00000084 488D3425[00000000]      lea rsi, [tempChar]
   110 0000008C 48C7C201000000          mov rdx, 1
   111 00000093 0F05                    syscall
   112                                 
   113                                 
   114 00000095 48C7C001000000          mov rax, SYS_write
   115 0000009C 488B3C24                mov rdi, [rsp]
   116 000000A0 488D3425[00000000]      lea rsi, [tempChar]
   117 000000A8 48C7C201000000          mov rdx, 1
   118 000000AF 0F05                    syscall
   119                                 
   120 000000B1 EB9E                    jmp RWloop
   121                                 
   122                                 REOF:
   123                                 
   124 000000B3 48C7C003000000          mov rax, SYS_close
   125 000000BA 5F                      pop rdi
   126 000000BB 0F05                    syscall
   127                                 
   128                                 
   129 000000BD 48C7C003000000          mov rax, SYS_close
   130 000000C4 5F                      pop rdi
   131 000000C5 0F05                    syscall
   132                                 
   133                                 FIN:
   134 000000C7 48C7C03C000000          mov rax, SYS_exit
   135 000000CE 48C7C700000000          mov rdi, EXIT_SUCCESS
   136 000000D5 0F05                    syscall
   137                                 
   138                                 openERR:
   139 000000D7 488D3C25[00000000]      lea rdi, [errMsgOpen]
   140 000000DF E852000000              call printString
   141                                 
   142 000000E4 4889C7                  mov rdi, rax
   143 000000E7 48C7C03C000000          mov rax, SYS_exit
   144 000000EE 0F05                    syscall
   145                                 
   146                                 createERR:
   147 000000F0 488D3C25[00000000]      lea rdi, [errMsgCreate]
   148 000000F8 E839000000              call printString
   149                                 
   150 000000FD 4889C7                  mov rdi, rax
   151 00000100 48C7C03C000000          mov rax, SYS_exit
   152 00000107 0F05                    syscall
   153                                 
   154                                 readERR:
   155 00000109 488D3C25[00000000]      lea rdi, [errMsgRead]
   156 00000111 E820000000              call printString
   157                                 
   158 00000116 4889C7                  mov rdi, rax
   159 00000119 48C7C03C000000          mov rax, SYS_exit
   160 00000120 0F05                    syscall
   161                                 
   162                                 writeERR:
   163 00000122 488D3C25[00000000]      lea rdi, [errMsgWrite]
   164 0000012A E807000000              call printString
   165                                 
   166 0000012F 4889C7                  mov rdi, rax
   167 00000132 48C7C03C000000          mov rax, SYS_exit
   168 00000139 0F05                    syscall
   169                                 
   170                                 
   171                                 [global printString]
   172                                 printString:
   173 0000013B 55                      push rbp
   174 0000013C 4889E5                  mov rbp, rsp
   175                                 
   176 0000013F 488D1F                  lea rbx, [rdi]
   177                                 
   178 00000142 31C0                    xor eax, eax
   179                                 printing:
   180 00000144 803B00                  cmp byte [rbx], 0
   181 00000147 7423                    je pSFIN
   182 00000149 48C7C001000000          mov rax, SYS_write
   183 00000150 48C7C701000000          mov rdi, STDOUT
   184 00000157 488D33                  lea rsi, [rbx]
   185 0000015A 48C7C201000000          mov rdx, 1
   186 00000161 0F05                    syscall
   187 00000163 4883F800                cmp rax, 0
   188 00000167 7C08                    jl pSERR
   189 00000169 48FFC3                  inc rbx
   190 0000016C EBD4                    jmp printing
   191                                 
   192                                 pSFIN:
   193 0000016E 4889EC                  mov rsp, rbp
   194 00000171 5D                      pop rbp
   195 00000172 C3                      ret
   196                                 
   197                                 pSERR:
   198 00000173 4889C7                  mov rdi, rax
   199 00000176 48C7C03C000000          mov rax, SYS_exit
   200 0000017D 0F05                    syscall
