     1                                 %line 1+1 14.2.asm
     2                                 
     3                                 
     4                                 [section .data]
     5                                 
     6                                 LF equ 10
     7                                 NUL equ 0
     8                                 TRUE equ 1
     9                                 FALSE equ 0
    10                                 
    11                                 EXIT_SUCCESS equ 0
    12                                 SYS_exit equ 60
    13                                 
    14                                 
    15 00000000 01000000FEFFFFFF03-    lst1 dd 1, -2, 3, -4, 5
    16 00000000 000000FCFFFFFF0500-
    17 00000000 0000               
    18 00000014 07000000090000000B-     dd 7, 9, 11
    19 00000014 000000             
    20 00000020 08000000               len1 dd 8
    21                                 
    22 00000024 02000000FDFFFFFF04-    lst2 dd 2, -3, 4, -5, 6
    23 00000024 000000FBFFFFFF0600-
    24 00000024 0000               
    25 00000038 F9FFFFFF0A0000000C-     dd -7, 10, 12, 14, 16
    26 00000038 0000000E0000001000-
    27 00000038 0000               
    28 0000004C 0A000000               len2 dd 10
    29                                 
    30                                 [section .bss]
    31 00000000 <gap>                  sum1 resd 1
    32 00000004 <gap>                  ave1 resd 1
    33                                 
    34 00000008 <gap>                  sum2 resd 1
    35 0000000C <gap>                  ave2 resd 1
    36                                 
    37                                 [extern stats]
    38                                 
    39                                 
    40                                 [section .text]
    41                                 [global _start]
    42                                 _start:
    43                                 
    44 00000000 48C7C7[00000000]        mov rdi, lst1
    45 00000007 8B3425[00000000]        mov esi, dword [len1]
    46 0000000E 48C7C2[00000000]        mov rdx, sum1
    47 00000015 48C7C1[00000000]        mov rcx, ave1
    48 0000001C E8(F6FFFFFF)            call stats
    49                                 
    50 00000021 48C7C7[00000000]        mov rdi, lst2
    51 00000028 8B3425[00000000]        mov esi, dword [len2]
    52 0000002F 48C7C2[00000000]        mov rdx, sum2
    53 00000036 48C7C1[00000000]        mov rcx, ave2
    54 0000003D E8(F6FFFFFF)            call stats
    55                                 
    56                                 last:
    57 00000042 48C7C03C000000          mov rax, SYS_exit
    58 00000049 48C7C700000000          mov rdi, EXIT_SUCCESS
    59 00000050 0F05                    syscall
