     1                                 %line 1+1 my.13.4.1.asm
     2                                 
     3                                 
     4                                 [section .data]
     5                                 LF equ 10
     6                                 NULL equ 0
     7                                 TRUE equ 1
     8                                 FALSE equ 0
     9                                 
    10                                 EXIT_SUCCESS equ 0
    11                                 
    12                                 STDIN equ 0
    13                                 STDOUT equ 1
    14                                 STDERR equ 2
    15                                 
    16                                 SYS_read equ 0
    17                                 SYS_write equ 1
    18                                 SYS_exit equ 60
    19                                 
    20                                 STRLEN equ 50
    21                                 
    22 00000000 4572726F7220726561-    ERR_read db "Error reading from file descriptor", LF, NULL
    23 00000000 64696E672066726F6D-
    24 00000000 2066696C6520646573-
    25 00000000 63726970746F720A00 
    26                                 
    27 00000024 456E74657220546578-    pmpt db "Enter Text: ", NULL
    28 00000024 743A2000           
    29 00000031 0A00                   newLine db LF, NULL
    30                                 
    31                                 
    32                                 [section .bss]
    33 00000000 <gap>                  tempStr resb STRLEN+2
    34 00000034 <gap>                  tempChar resb 1
    35                                 
    36                                 [section .text]
    37                                 [global _start]
    38                                 _start:
    39                                 
    40 00000000 488D3C25[00000000]      lea rdi, [pmpt]
    41 00000008 E825000000              call printString
    42                                 
    43 0000000D 488D3C25[00000000]      lea rdi, [tempStr]
    44 00000015 E85C000000              call readInput
    45                                 
    46 0000001A 488D3C25[00000000]      lea rdi, [tempStr]
    47 00000022 E80B000000              call printString
    48                                 
    49 00000027 48C7C03C000000          mov rax, SYS_exit
    50 0000002E 48C7C700000000          mov rdi, EXIT_SUCCESS
    51 00000035 0F05                    syscall
    52                                 
    53                                 
    54                                 [global printString]
    55                                 printString:
    56 00000037 55                      push rbp
    57 00000038 4889E5                  mov rbp, rsp
    58                                 
    59 0000003B 488D1F                  lea rbx, [rdi]
    60                                 
    61 0000003E 31C0                    xor eax, eax
    62                                 printing:
    63 00000040 803B00                  cmp byte [rbx], 0
    64 00000043 7423                    je pSFIN
    65 00000045 48C7C001000000          mov rax, SYS_write
    66 0000004C 48C7C701000000          mov rdi, STDOUT
    67 00000053 488D33                  lea rsi, [rbx]
    68 00000056 48C7C201000000          mov rdx, 1
    69 0000005D 0F05                    syscall
    70 0000005F 4883F800                cmp rax, 0
    71 00000063 7C08                    jl pSERR
    72 00000065 48FFC3                  inc rbx
    73 00000068 EBD4                    jmp printing
    74                                 
    75                                 pSFIN:
    76 0000006A 4889EC                  mov rsp, rbp
    77 0000006D 5D                      pop rbp
    78 0000006E C3                      ret
    79                                 
    80                                 pSERR:
    81 0000006F 4889C7                  mov rdi, rax
    82 00000072 48C7C03C000000          mov rax, SYS_exit
    83 00000079 0F05                    syscall
    84                                 
    85                                 
    86                                 [global readInput]
    87                                 readInput:
    88 0000007B 55                      push rbp
    89 0000007C 4889E5                  mov rbp, rsp
    90                                 
    91 0000007F 488D1F                  lea rbx, [rdi]
    92 00000082 4D31E4                  xor r12, r12
    93                                 
    94                                 readLoop:
    95 00000085 48C7C000000000          mov rax, SYS_read
    96 0000008C 48C7C700000000          mov rdi, STDIN
    97 00000093 488D3425[00000000]      lea rsi, [tempChar]
    98 0000009B 48C7C201000000          mov rdx, 1
    99 000000A2 0F05                    syscall
   100 000000A4 4883F800                cmp rax, 0
   101 000000A8 7C30                    jl rIERR
   102 000000AA 803C25[00000000]0A      cmp byte [tempChar], LF
   103 000000B2 7414                    je rIFIN
   104 000000B4 4983FC32                cmp r12, STRLEN
   105 000000B8 7DC9                    jge readLoop
   106 000000BA 8A0425[00000000]        mov al, byte [tempChar]
   107 000000C1 42880423                mov byte [rbx + r12], al
   108 000000C5 49FFC4                  inc r12
   109 000000C8 EBB9                    jmp readLoop
   110                                 
   111                                 rIFIN:
   112 000000CA 42C604230A              mov byte [rbx + r12], LF
   113 000000CF 49FFC4                  inc r12
   114 000000D2 42C6042300              mov byte [rbx + r12], 0
   115                                 
   116 000000D7 4889E5                  mov rbp, rsp
   117 000000DA 5D                      pop rbp
   118 000000DB C3                      ret
   119                                 
   120                                 rIERR:
   121 000000DC 4989C4                  mov r12, rax
   122                                 
   123 000000DF 488D3C25[00000000]      lea rdi, [ERR_read]
   124 000000E7 E846FFFFFF              call printString
   125                                 
   126 000000EC 48C7C03C000000          mov rax, SYS_exit
   127 000000F3 4C89E7                  mov rdi, r12
   128 000000F6 0F05                    syscall
