     1                                 %line 1+1 9.4.asm
     2                                 
     3                                 
     4                                 [section .data]
     5                                 EXIT_SUCCESS equ 0
     6                                 SYS_exit equ 60
     7                                 
     8 00000000 79000000000000007A-    numbers dq 121, 122, 123, 124, 125
     9 00000000 000000000000007B00-
    10 00000000 0000000000007C0000-
    11 00000000 00000000007D000000-
    12 00000000 00000000           
    13 00000028 0500000000000000       len dq 5
    14                                 
    15                                 [section .text]
    16                                 [global _start]
    17                                 _start:
    18                                 
    19                                 
    20 00000000 488B0C25[00000000]      mov rcx, qword [len]
    21 00000008 488D1C25[00000000]      lea rbx, [numbers]
    22 00000010 49C7C400000000          mov r12, 0
    23 00000017 48C7C000000000          mov rax, 0
    24                                 
    25                                 pushLoop:
    26 0000001E 42FF34E3                push qword [rbx + r12*8]
    27 00000022 49FFC4                  inc r12
    28 00000025 E2F5                    loop pushLoop
    29                                 
    30 00000027 488B0C25[00000000]      mov rcx, qword [len]
    31 0000002F 488D1C25[00000000]      lea rbx, [numbers]
    32 00000037 49C7C400000000          mov r12, 0
    33                                 
    34                                 popLoop:
    35 0000003E 58                      pop rax
    36 0000003F 4A8904E3                mov qword [rbx + r12*8], rax
    37 00000043 49FFC4                  inc r12
    38 00000046 E2F4                    loop popLoop
    39                                 
    40                                 last:
    41 00000048 48C7C03C000000          mov rax, SYS_exit
    42 0000004F 48C7C700000000          mov rdi, EXIT_SUCCESS
    43 00000056 0F05                    syscall
